2024-03-14 09:01:38 [INFO] START WORKING WITH RAYTRACING
2024-03-14 09:01:38 [DEBUG] CHOSEN: RANDOM_SPHERES()
2024-03-14 09:01:38 [DEBUG] CREATE APPROXIMATELY 121 SPHERICAL OBJECTS
2024-03-14 09:01:38 [DEBUG] CREATED AND DISPLAYED 32859 SPHERES OF MATERIALS:
	METAL: 32841
	GLASS: 18
2024-03-14 09:01:38 [DEBUG] Initializing Camera with Parameters:
2024-03-14 09:01:38 [DEBUG]   - Look From: 13 2 3
2024-03-14 09:01:38 [DEBUG]   - Look At: 0 0 0
2024-03-14 09:01:38 [DEBUG]   - View Up: 0 1 0
2024-03-14 09:01:38 [DEBUG]   - Vertical FOV: 20
2024-03-14 09:01:38 [DEBUG]   - Aspect Ratio: 1.77778
2024-03-14 09:01:38 [DEBUG]   - Image Width: 1920
2024-03-14 09:01:38 [DEBUG]   - Samples per Pixel: 100
2024-03-14 09:01:38 [DEBUG]   - Max Depth: 50
2024-03-14 09:01:38 [DEBUG]   - Defocus Angle: 0.6
2024-03-14 09:01:38 [DEBUG]   - Focus Distance: 10
2024-03-14 09:01:38 [DEBUG]   - Background Color: 0.7 0.8 1
2024-03-14 09:01:38 [DEBUG] START RENDERING
2024-03-14 09:01:38 [DEBUG] Initialize light source for material 0, with shape 'QUAD':
2024-03-14 09:01:38 [DEBUG]  - origin: 343 554 332
2024-03-14 09:01:38 [DEBUG]  - direction 1: -130 0 0
2024-03-14 09:01:38 [DEBUG]  - direction 2: 0 0 -105
2024-03-14 09:01:38 [DEBUG] Initialize light source for material 0, with shape 'SPHERE':
2024-03-14 09:01:38 [DEBUG]  - origin: 190 90 190
2024-03-14 09:01:38 [DEBUG]  - radius: 90
2024-03-14 09:44:56 [DEBUG] END RENDERING

2024-03-14 09:44:56 [DEBUG] CHOSEN: TWO_SPHERES()
2024-03-14 09:44:56 [DEBUG] Initializing Camera with Parameters:
2024-03-14 09:44:56 [DEBUG]   - Look From: 13 2 3
2024-03-14 09:44:56 [DEBUG]   - Look At: 0 0 0
2024-03-14 09:44:56 [DEBUG]   - View Up: 0 1 0
2024-03-14 09:44:56 [DEBUG]   - Vertical FOV: 20
2024-03-14 09:44:56 [DEBUG]   - Aspect Ratio: 1.77778
2024-03-14 09:44:56 [DEBUG]   - Image Width: 1920
2024-03-14 09:44:56 [DEBUG]   - Samples per Pixel: 100
2024-03-14 09:44:56 [DEBUG]   - Max Depth: 50
2024-03-14 09:44:56 [DEBUG]   - Defocus Angle: 0.6
2024-03-14 09:44:56 [DEBUG]   - Focus Distance: 10
2024-03-14 09:44:56 [DEBUG]   - Background Color: 0.7 0.8 1
2024-03-14 09:44:56 [DEBUG] START RENDERING
2024-03-14 09:44:56 [DEBUG] Initialize light source for material 0, with shape 'QUAD':
2024-03-14 09:44:56 [DEBUG]  - origin: 343 554 332
2024-03-14 09:44:56 [DEBUG]  - direction 1: -130 0 0
2024-03-14 09:44:56 [DEBUG]  - direction 2: 0 0 -105
2024-03-14 09:44:56 [DEBUG] Initialize light source for material 0, with shape 'SPHERE':
2024-03-14 09:44:56 [DEBUG]  - origin: 190 90 190
2024-03-14 09:44:56 [DEBUG]  - radius: 90
2024-03-14 10:02:28 [DEBUG] END RENDERING

2024-03-14 10:02:28 [DEBUG] CHOSEN: EARTH()
2024-03-14 10:02:28 [DEBUG] Initializing Camera with Parameters:
2024-03-14 10:02:28 [DEBUG]   - Look From: 0 0 12
2024-03-14 10:02:28 [DEBUG]   - Look At: 0 0 0
2024-03-14 10:02:28 [DEBUG]   - View Up: 0 1 0
2024-03-14 10:02:28 [DEBUG]   - Vertical FOV: 20
2024-03-14 10:02:28 [DEBUG]   - Aspect Ratio: 1.77778
2024-03-14 10:02:28 [DEBUG]   - Image Width: 1920
2024-03-14 10:02:28 [DEBUG]   - Samples per Pixel: 100
2024-03-14 10:02:28 [DEBUG]   - Max Depth: 50
2024-03-14 10:02:28 [DEBUG]   - Defocus Angle: 0.6
2024-03-14 10:02:28 [DEBUG]   - Focus Distance: 10
2024-03-14 10:02:28 [DEBUG]   - Background Color: 0.7 0.8 1
2024-03-14 10:02:28 [DEBUG] START RENDERING
2024-03-14 10:02:28 [DEBUG] Initialize light source for material 0, with shape 'QUAD':
2024-03-14 10:02:28 [DEBUG]  - origin: 343 554 332
2024-03-14 10:02:28 [DEBUG]  - direction 1: -130 0 0
2024-03-14 10:02:28 [DEBUG]  - direction 2: 0 0 -105
2024-03-14 10:02:28 [DEBUG] Initialize light source for material 0, with shape 'SPHERE':
2024-03-14 10:02:28 [DEBUG]  - origin: 190 90 190
2024-03-14 10:02:28 [DEBUG]  - radius: 90
2024-03-14 10:05:21 [DEBUG] END RENDERING

2024-03-14 10:05:21 [DEBUG] CHOSEN: TWO_PERLIN_SPHERES()
2024-03-14 10:05:21 [DEBUG] Initializing Camera with Parameters:
2024-03-14 10:05:21 [DEBUG]   - Look From: 13 2 3
2024-03-14 10:05:21 [DEBUG]   - Look At: 0 0 0
2024-03-14 10:05:21 [DEBUG]   - View Up: 0 1 0
2024-03-14 10:05:21 [DEBUG]   - Vertical FOV: 20
2024-03-14 10:05:21 [DEBUG]   - Aspect Ratio: 1.77778
2024-03-14 10:05:21 [DEBUG]   - Image Width: 1920
2024-03-14 10:05:21 [DEBUG]   - Samples per Pixel: 100
2024-03-14 10:05:21 [DEBUG]   - Max Depth: 50
2024-03-14 10:05:21 [DEBUG]   - Defocus Angle: 0.6
2024-03-14 10:05:21 [DEBUG]   - Focus Distance: 10
2024-03-14 10:05:21 [DEBUG]   - Background Color: 0.7 0.8 1
2024-03-14 10:05:21 [DEBUG] START RENDERING
2024-03-14 10:05:21 [DEBUG] Initialize light source for material 0, with shape 'QUAD':
2024-03-14 10:05:21 [DEBUG]  - origin: 343 554 332
2024-03-14 10:05:21 [DEBUG]  - direction 1: -130 0 0
2024-03-14 10:05:21 [DEBUG]  - direction 2: 0 0 -105
2024-03-14 10:05:21 [DEBUG] Initialize light source for material 0, with shape 'SPHERE':
2024-03-14 10:05:21 [DEBUG]  - origin: 190 90 190
2024-03-14 10:05:21 [DEBUG]  - radius: 90
2024-03-14 10:19:49 [DEBUG] END RENDERING

2024-03-14 10:19:49 [DEBUG] CHOSEN: QUADS()
2024-03-14 10:19:49 [DEBUG] Initializing Camera with Parameters:
2024-03-14 10:19:49 [DEBUG]   - Look From: 0 0 9
2024-03-14 10:19:49 [DEBUG]   - Look At: 0 0 0
2024-03-14 10:19:49 [DEBUG]   - View Up: 0 1 0
2024-03-14 10:19:49 [DEBUG]   - Vertical FOV: 80
2024-03-14 10:19:49 [DEBUG]   - Aspect Ratio: 1.77778
2024-03-14 10:19:49 [DEBUG]   - Image Width: 1920
2024-03-14 10:19:49 [DEBUG]   - Samples per Pixel: 100
2024-03-14 10:19:49 [DEBUG]   - Max Depth: 50
2024-03-14 10:19:49 [DEBUG]   - Defocus Angle: 0.6
2024-03-14 10:19:49 [DEBUG]   - Focus Distance: 10
2024-03-14 10:19:49 [DEBUG]   - Background Color: 0.7 0.8 1
2024-03-14 10:19:49 [DEBUG] START RENDERING
2024-03-14 10:19:49 [DEBUG] Initialize light source for material 0, with shape 'QUAD':
2024-03-14 10:19:49 [DEBUG]  - origin: 343 554 332
2024-03-14 10:19:49 [DEBUG]  - direction 1: -130 0 0
2024-03-14 10:19:49 [DEBUG]  - direction 2: 0 0 -105
2024-03-14 10:19:49 [DEBUG] Initialize light source for material 0, with shape 'SPHERE':
2024-03-14 10:19:49 [DEBUG]  - origin: 190 90 190
2024-03-14 10:19:49 [DEBUG]  - radius: 90
2024-03-14 10:25:40 [DEBUG] END RENDERING

2024-03-14 10:25:40 [DEBUG] CHOSEN: SIMPLE_LIGHT()
2024-03-14 10:25:40 [DEBUG] Initializing Camera with Parameters:
2024-03-14 10:25:40 [DEBUG]   - Look From: 26 3 6
2024-03-14 10:25:40 [DEBUG]   - Look At: 0 2 0
2024-03-14 10:25:40 [DEBUG]   - View Up: 0 1 0
2024-03-14 10:25:40 [DEBUG]   - Vertical FOV: 20
2024-03-14 10:25:40 [DEBUG]   - Aspect Ratio: 1.77778
2024-03-14 10:25:40 [DEBUG]   - Image Width: 1920
2024-03-14 10:25:40 [DEBUG]   - Samples per Pixel: 100
2024-03-14 10:25:40 [DEBUG]   - Max Depth: 50
2024-03-14 10:25:40 [DEBUG]   - Defocus Angle: 0.6
2024-03-14 10:25:40 [DEBUG]   - Focus Distance: 10
2024-03-14 10:25:40 [DEBUG]   - Background Color: 0.7 0.8 1
2024-03-14 10:25:40 [DEBUG] START RENDERING
2024-03-14 10:25:40 [DEBUG] Initialize light source for material 0, with shape 'QUAD':
2024-03-14 10:25:40 [DEBUG]  - origin: 343 554 332
2024-03-14 10:25:40 [DEBUG]  - direction 1: -130 0 0
2024-03-14 10:25:40 [DEBUG]  - direction 2: 0 0 -105
2024-03-14 10:25:40 [DEBUG] Initialize light source for material 0, with shape 'SPHERE':
2024-03-14 10:25:40 [DEBUG]  - origin: 190 90 190
2024-03-14 10:25:40 [DEBUG]  - radius: 90
2024-03-14 10:34:37 [DEBUG] END RENDERING

2024-03-14 10:34:37 [DEBUG] CHOSEN: CORNELL_BOX()
2024-03-14 10:34:37 [DEBUG] Initializing Camera with Parameters:
2024-03-14 10:34:37 [DEBUG]   - Look From: 278 278 -800
2024-03-14 10:34:37 [DEBUG]   - Look At: 278 278 0
2024-03-14 10:34:37 [DEBUG]   - View Up: 0 1 0
2024-03-14 10:34:37 [DEBUG]   - Vertical FOV: 20
2024-03-14 10:34:37 [DEBUG]   - Aspect Ratio: 1.77778
2024-03-14 10:34:37 [DEBUG]   - Image Width: 1920
2024-03-14 10:34:37 [DEBUG]   - Samples per Pixel: 100
2024-03-14 10:34:37 [DEBUG]   - Max Depth: 50
2024-03-14 10:34:37 [DEBUG]   - Defocus Angle: 0.6
2024-03-14 10:34:37 [DEBUG]   - Focus Distance: 10
2024-03-14 10:34:37 [DEBUG]   - Background Color: 0 0 0
2024-03-14 10:34:37 [DEBUG] START RENDERING
2024-03-14 10:34:37 [DEBUG] Initialize light source for material 0, with shape 'QUAD':
2024-03-14 10:34:37 [DEBUG]  - origin: 343 554 332
2024-03-14 10:34:37 [DEBUG]  - direction 1: -130 0 0
2024-03-14 10:34:37 [DEBUG]  - direction 2: 0 0 -105
2024-03-14 10:34:37 [DEBUG] Initialize light source for material 0, with shape 'SPHERE':
2024-03-14 10:34:37 [DEBUG]  - origin: 190 90 190
2024-03-14 10:34:37 [DEBUG]  - radius: 90
2024-03-14 11:21:05 [DEBUG] END RENDERING

2024-03-14 11:21:05 [DEBUG] CHOSEN: CORNELL_SMOKE()
2024-03-14 11:21:05 [DEBUG] Initializing Camera with Parameters:
2024-03-14 11:21:05 [DEBUG]   - Look From: 278 278 -800
2024-03-14 11:21:05 [DEBUG]   - Look At: 278 278 0
2024-03-14 11:21:05 [DEBUG]   - View Up: 0 1 0
2024-03-14 11:21:05 [DEBUG]   - Vertical FOV: 40
2024-03-14 11:21:05 [DEBUG]   - Aspect Ratio: 1.77778
2024-03-14 11:21:05 [DEBUG]   - Image Width: 1920
2024-03-14 11:21:05 [DEBUG]   - Samples per Pixel: 200
2024-03-14 11:21:05 [DEBUG]   - Max Depth: 50
2024-03-14 11:21:05 [DEBUG]   - Defocus Angle: 0.6
2024-03-14 11:21:05 [DEBUG]   - Focus Distance: 10
2024-03-14 11:21:05 [DEBUG]   - Background Color: 0 0 0
2024-03-14 11:21:05 [DEBUG] START RENDERING
2024-03-14 11:21:05 [DEBUG] Initialize light source for material 0, with shape 'QUAD':
2024-03-14 11:21:05 [DEBUG]  - origin: 343 554 332
2024-03-14 11:21:05 [DEBUG]  - direction 1: -130 0 0
2024-03-14 11:21:05 [DEBUG]  - direction 2: 0 0 -105
2024-03-14 11:21:05 [DEBUG] Initialize light source for material 0, with shape 'SPHERE':
2024-03-14 11:21:05 [DEBUG]  - origin: 190 90 190
2024-03-14 11:21:05 [DEBUG]  - radius: 90
2024-03-14 12:27:12 [DEBUG] END RENDERING

2024-03-14 12:27:12 [DEBUG] CHOSEN: FINAL_SCENE()
2024-03-14 12:27:12 [DEBUG] Initializing Camera with Parameters:
2024-03-14 12:27:12 [DEBUG]   - Look From: 478 278 -600
2024-03-14 12:27:12 [DEBUG]   - Look At: 278 278 0
2024-03-14 12:27:12 [DEBUG]   - View Up: 0 1 0
2024-03-14 12:27:12 [DEBUG]   - Vertical FOV: 40
2024-03-14 12:27:12 [DEBUG]   - Aspect Ratio: 1.77778
2024-03-14 12:27:12 [DEBUG]   - Image Width: 1920
2024-03-14 12:27:12 [DEBUG]   - Samples per Pixel: 100
2024-03-14 12:27:12 [DEBUG]   - Max Depth: 50
2024-03-14 12:27:12 [DEBUG]   - Defocus Angle: 0.6
2024-03-14 12:27:12 [DEBUG]   - Focus Distance: 10
2024-03-14 12:27:12 [DEBUG]   - Background Color: 0 0 0
2024-03-14 12:27:12 [DEBUG] START RENDERING
2024-03-14 12:27:12 [DEBUG] Initialize light source for material 0, with shape 'QUAD':
2024-03-14 12:27:12 [DEBUG]  - origin: 343 554 332
2024-03-14 12:27:12 [DEBUG]  - direction 1: -130 0 0
2024-03-14 12:27:12 [DEBUG]  - direction 2: 0 0 -105
2024-03-14 12:27:12 [DEBUG] Initialize light source for material 0, with shape 'SPHERE':
2024-03-14 12:27:12 [DEBUG]  - origin: 190 90 190
2024-03-14 12:27:12 [DEBUG]  - radius: 90
2024-03-14 14:25:47 [DEBUG] END RENDERING

2024-03-14 14:25:47 [DEBUG] CHOSEN: ANOTHER_LAST_SCENE()
2024-03-14 14:25:47 [DEBUG] Initializing Camera with Parameters:
2024-03-14 14:25:47 [DEBUG]   - Look From: 278 278 -800
2024-03-14 14:25:47 [DEBUG]   - Look At: 278 278 0
2024-03-14 14:25:47 [DEBUG]   - View Up: 0 1 0
2024-03-14 14:25:47 [DEBUG]   - Vertical FOV: 40
2024-03-14 14:25:47 [DEBUG]   - Aspect Ratio: 1.77778
2024-03-14 14:25:47 [DEBUG]   - Image Width: 1920
2024-03-14 14:25:47 [DEBUG]   - Samples per Pixel: 100
2024-03-14 14:25:47 [DEBUG]   - Max Depth: 50
2024-03-14 14:25:47 [DEBUG]   - Defocus Angle: 0.6
2024-03-14 14:25:47 [DEBUG]   - Focus Distance: 10
2024-03-14 14:25:47 [DEBUG]   - Background Color: 0 0 0
2024-03-14 14:25:47 [DEBUG] START RENDERING
2024-03-14 14:25:47 [DEBUG] Initialize light source for material 0, with shape 'QUAD':
2024-03-14 14:25:47 [DEBUG]  - origin: 343 554 332
2024-03-14 14:25:47 [DEBUG]  - direction 1: -130 0 0
2024-03-14 14:25:47 [DEBUG]  - direction 2: 0 0 -105
2024-03-14 14:25:47 [DEBUG] Initialize light source for material 0, with shape 'SPHERE':
2024-03-14 14:25:47 [DEBUG]  - origin: 190 90 190
2024-03-14 14:25:47 [DEBUG]  - radius: 90
2024-03-14 14:52:33 [DEBUG] END RENDERING

